Arguments: 
  /usr/local/bin/node /usr/local/bin/yarn start

PATH: 
  /usr/local/opt/openssl/bin:/usr/local/bin:/usr/bin:/bin:/usr/sbin:/sbin:/opt/X11/bin

Yarn version: 
  1.12.3

Node version: 
  11.2.0

Platform: 
  darwin x64

Trace: 
  SyntaxError: /Users/payerahmed/Desktop/babel/package.json: Unexpected end of JSON input
      at JSON.parse (<anonymous>)
      at /usr/local/lib/node_modules/yarn/lib/cli.js:1631:59
      at Generator.next (<anonymous>)
      at step (/usr/local/lib/node_modules/yarn/lib/cli.js:304:30)
      at /usr/local/lib/node_modules/yarn/lib/cli.js:315:13

npm manifest: 
  {
    "dependencies": {},
    "devDependencies": {
      "@babel/cli": "^7.1.5",
      "@babel/core": "^7.1.6",
      "@babel/preset-env": "^7.1.6"
    },
    "scripts": {
      "build": "rm -rf dist && mkdir dist && babel one.js -o dist/one.js && babel two.js -o dist/two.js",
      "start": "yarn build && node dist/payer.js"
    }

yarn manifest: 
  No manifest

Lockfile: 
  # THIS IS AN AUTOGENERATED FILE. DO NOT EDIT THIS FILE DIRECTLY.
  # yarn lockfile v1
